20:04:07 **** Incremental Build of configuration Debug for project runningled.c ****
make -j12 all 
arm-none-eabi-gcc -o "runningled.c.elf" @"objects.list"   -mcpu=cortex-m4 -T"C:\ST\stm assignment1\runningled.c\STM32F407VGTX_FLASH.ld" --specs=nosys.specs -Wl,-Map="runningled.c.map" -Wl,--gc-sections -static --specs=nano.specs -mfpu=fpv4-sp-d16 -mfloat-abi=hard -mthumb -Wl,--start-group -lc -lm -Wl,--end-group
C:/ST/STM32CubeIDE_1.19.0/STM32CubeIDE/plugins/com.st.stm32cube.ide.mcu.externaltools.gnu-tools-for-stm32.13.3.rel1.win32_1.0.0.202411081344/tools/bin/../lib/gcc/arm-none-eabi/13.3.1/../../../../arm-none-eabi/bin/ld.exe: ./Src/itm.o: in function `__io_putchar':
C:/ST/stm assignment1/runningled.c/Debug/../Src/itm.c:18: multiple definition of `__io_putchar'; ./Inc/itm.o:C:/ST/stm assignment1/runningled.c/Debug/../Inc/itm.c:18: first defined here
C:/ST/STM32CubeIDE_1.19.0/STM32CubeIDE/plugins/com.st.stm32cube.ide.mcu.externaltools.gnu-tools-for-stm32.13.3.rel1.win32_1.0.0.202411081344/tools/bin/../lib/gcc/arm-none-eabi/13.3.1/../../../../arm-none-eabi/bin/ld.exe: ./Src/main.o: in function `main':
C:/ST/stm assignment1/runningled.c/Debug/../Src/main.c:35: multiple definition of `main'; ./Inc/main.o:C:/ST/stm assignment1/runningled.c/Debug/../Inc/main.c:35: first defined here
C:/ST/STM32CubeIDE_1.19.0/STM32CubeIDE/plugins/com.st.stm32cube.ide.mcu.externaltools.gnu-tools-for-stm32.13.3.rel1.win32_1.0.0.202411081344/tools/bin/../lib/gcc/arm-none-eabi/13.3.1/../../../../arm-none-eabi/bin/ld.exe: ./Src/main.o: in function `led_init':
C:/ST/stm assignment1/runningled.c/Debug/../Src/main.c:47: multiple definition of `led_init'; ./Inc/main.o:C:/ST/stm assignment1/runningled.c/Debug/../Inc/main.c:47: first defined here
C:/ST/STM32CubeIDE_1.19.0/STM32CubeIDE/plugins/com.st.stm32cube.ide.mcu.externaltools.gnu-tools-for-stm32.13.3.rel1.win32_1.0.0.202411081344/tools/bin/../lib/gcc/arm-none-eabi/13.3.1/../../../../arm-none-eabi/bin/ld.exe: ./Src/syscalls.o:C:/ST/stm assignment1/runningled.c/Debug/../Src/syscalls.c:39: multiple definition of `__env'; ./Inc/syscalls.o:C:/ST/stm assignment1/runningled.c/Debug/../Inc/syscalls.c:39: first defined here
C:/ST/STM32CubeIDE_1.19.0/STM32CubeIDE/plugins/com.st.stm32cube.ide.mcu.externaltools.gnu-tools-for-stm32.13.3.rel1.win32_1.0.0.202411081344/tools/bin/../lib/gcc/arm-none-eabi/13.3.1/../../../../arm-none-eabi/bin/ld.exe: ./Src/syscalls.o:C:/ST/stm assignment1/runningled.c/Debug/../Src/syscalls.c:40: multiple definition of `environ'; ./Inc/syscalls.o:C:/ST/stm assignment1/runningled.c/Debug/../Inc/syscalls.c:40: first defined here
C:/ST/STM32CubeIDE_1.19.0/STM32CubeIDE/plugins/com.st.stm32cube.ide.mcu.externaltools.gnu-tools-for-stm32.13.3.rel1.win32_1.0.0.202411081344/tools/bin/../lib/gcc/arm-none-eabi/13.3.1/../../../../arm-none-eabi/bin/ld.exe: ./Src/syscalls.o: in function `initialise_monitor_handles':
C:/ST/stm assignment1/runningled.c/Debug/../Src/syscalls.c:45: multiple definition of `initialise_monitor_handles'; ./Inc/syscalls.o:C:/ST/stm assignment1/runningled.c/Debug/../Inc/syscalls.c:45: first defined here
C:/ST/STM32CubeIDE_1.19.0/STM32CubeIDE/plugins/com.st.stm32cube.ide.mcu.externaltools.gnu-tools-for-stm32.13.3.rel1.win32_1.0.0.202411081344/tools/bin/../lib/gcc/arm-none-eabi/13.3.1/../../../../arm-none-eabi/bin/ld.exe: ./Src/syscalls.o: in function `_getpid':
C:/ST/stm assignment1/runningled.c/Debug/../Src/syscalls.c:49: multiple definition of `_getpid'; ./Inc/syscalls.o:C:/ST/stm assignment1/runningled.c/Debug/../Inc/syscalls.c:49: first defined here
C:/ST/STM32CubeIDE_1.19.0/STM32CubeIDE/plugins/com.st.stm32cube.ide.mcu.externaltools.gnu-tools-for-stm32.13.3.rel1.win32_1.0.0.202411081344/tools/bin/../lib/gcc/arm-none-eabi/13.3.1/../../../../arm-none-eabi/bin/ld.exe: ./Src/syscalls.o: in function `_kill':
C:/ST/stm assignment1/runningled.c/Debug/../Src/syscalls.c:54: multiple definition of `_kill'; ./Inc/syscalls.o:C:/ST/stm assignment1/runningled.c/Debug/../Inc/syscalls.c:54: first defined here
C:/ST/STM32CubeIDE_1.19.0/STM32CubeIDE/plugins/com.st.stm32cube.ide.mcu.externaltools.gnu-tools-for-stm32.13.3.rel1.win32_1.0.0.202411081344/tools/bin/../lib/gcc/arm-none-eabi/13.3.1/../../../../arm-none-eabi/bin/ld.exe: ./Src/syscalls.o: in function `_exit':
C:/ST/stm assignment1/runningled.c/Debug/../Src/syscalls.c:60: multiple definition of `_exit'; ./Inc/syscalls.o:C:/ST/stm assignment1/runningled.c/Debug/../Inc/syscalls.c:60: first defined here
C:/ST/STM32CubeIDE_1.19.0/STM32CubeIDE/plugins/com.st.stm32cube.ide.mcu.externaltools.gnu-tools-for-stm32.13.3.rel1.win32_1.0.0.202411081344/tools/bin/../lib/gcc/arm-none-eabi/13.3.1/../../../../arm-none-eabi/bin/ld.exe: ./Src/syscalls.o: in function `_close':
C:/ST/stm assignment1/runningled.c/Debug/../Src/syscalls.c:89: multiple definition of `_close'; ./Inc/syscalls.o:C:/ST/stm assignment1/runningled.c/Debug/../Inc/syscalls.c:89: first defined here
C:/ST/STM32CubeIDE_1.19.0/STM32CubeIDE/plugins/com.st.stm32cube.ide.mcu.externaltools.gnu-tools-for-stm32.13.3.rel1.win32_1.0.0.202411081344/tools/bin/../lib/gcc/arm-none-eabi/13.3.1/../../../../arm-none-eabi/bin/ld.exe: ./Src/syscalls.o: in function `_fstat':
C:/ST/stm assignment1/runningled.c/Debug/../Src/syscalls.c:95: multiple definition of `_fstat'; ./Inc/syscalls.o:C:/ST/stm assignment1/runningled.c/Debug/../Inc/syscalls.c:95: first defined here
C:/ST/STM32CubeIDE_1.19.0/STM32CubeIDE/plugins/com.st.stm32cube.ide.mcu.externaltools.gnu-tools-for-stm32.13.3.rel1.win32_1.0.0.202411081344/tools/bin/../lib/gcc/arm-none-eabi/13.3.1/../../../../arm-none-eabi/bin/ld.exe: ./Src/syscalls.o: in function `_isatty':
C:/ST/stm assignment1/runningled.c/Debug/../Src/syscalls.c:101: multiple definition of `_isatty'; ./Inc/syscalls.o:C:/ST/stm assignment1/runningled.c/Debug/../Inc/syscalls.c:101: first defined here
C:/ST/STM32CubeIDE_1.19.0/STM32CubeIDE/plugins/com.st.stm32cube.ide.mcu.externaltools.gnu-tools-for-stm32.13.3.rel1.win32_1.0.0.202411081344/tools/bin/../lib/gcc/arm-none-eabi/13.3.1/../../../../arm-none-eabi/bin/ld.exe: ./Src/syscalls.o: in function `_lseek':
C:/ST/stm assignment1/runningled.c/Debug/../Src/syscalls.c:106: multiple definition of `_lseek'; ./Inc/syscalls.o:C:/ST/stm assignment1/runningled.c/Debug/../Inc/syscalls.c:106: first defined here
C:/ST/STM32CubeIDE_1.19.0/STM32CubeIDE/plugins/com.st.stm32cube.ide.mcu.externaltools.gnu-tools-for-stm32.13.3.rel1.win32_1.0.0.202411081344/tools/bin/../lib/gcc/arm-none-eabi/13.3.1/../../../../arm-none-eabi/bin/ld.exe: ./Src/syscalls.o: in function `_open':
C:/ST/stm assignment1/runningled.c/Debug/../Src/syscalls.c:111: multiple definition of `_open'; ./Inc/syscalls.o:C:/ST/stm assignment1/runningled.c/Debug/../Inc/syscalls.c:111: first defined here
C:/ST/STM32CubeIDE_1.19.0/STM32CubeIDE/plugins/com.st.stm32cube.ide.mcu.externaltools.gnu-tools-for-stm32.13.3.rel1.win32_1.0.0.202411081344/tools/bin/../lib/gcc/arm-none-eabi/13.3.1/../../../../arm-none-eabi/bin/ld.exe: ./Src/syscalls.o: in function `_wait':
C:/ST/stm assignment1/runningled.c/Debug/../Src/syscalls.c:117: multiple definition of `_wait'; ./Inc/syscalls.o:C:/ST/stm assignment1/runningled.c/Debug/../Inc/syscalls.c:117: first defined here
C:/ST/STM32CubeIDE_1.19.0/STM32CubeIDE/plugins/com.st.stm32cube.ide.mcu.externaltools.gnu-tools-for-stm32.13.3.rel1.win32_1.0.0.202411081344/tools/bin/../lib/gcc/arm-none-eabi/13.3.1/../../../../arm-none-eabi/bin/ld.exe: ./Src/syscalls.o: in function `_unlink':
C:/ST/stm assignment1/runningled.c/Debug/../Src/syscalls.c:123: multiple definition of `_unlink'; ./Inc/syscalls.o:C:/ST/stm assignment1/runningled.c/Debug/../Inc/syscalls.c:123: first defined here
C:/ST/STM32CubeIDE_1.19.0/STM32CubeIDE/plugins/com.st.stm32cube.ide.mcu.externaltools.gnu-tools-for-stm32.13.3.rel1.win32_1.0.0.202411081344/tools/bin/../lib/gcc/arm-none-eabi/13.3.1/../../../../arm-none-eabi/bin/ld.exe: ./Src/syscalls.o: in function `_times':
C:/ST/stm assignment1/runningled.c/Debug/../Src/syscalls.c:129: multiple definition of `_times'; ./Inc/syscalls.o:C:/ST/stm assignment1/runningled.c/Debug/../Inc/syscalls.c:129: first defined here
C:/ST/STM32CubeIDE_1.19.0/STM32CubeIDE/plugins/com.st.stm32cube.ide.mcu.externaltools.gnu-tools-for-stm32.13.3.rel1.win32_1.0.0.202411081344/tools/bin/../lib/gcc/arm-none-eabi/13.3.1/../../../../arm-none-eabi/bin/ld.exe: ./Src/syscalls.o: in function `_stat':
C:/ST/stm assignment1/runningled.c/Debug/../Src/syscalls.c:134: multiple definition of `_stat'; ./Inc/syscalls.o:C:/ST/stm assignment1/runningled.c/Debug/../Inc/syscalls.c:134: first defined here
C:/ST/STM32CubeIDE_1.19.0/STM32CubeIDE/plugins/com.st.stm32cube.ide.mcu.externaltools.gnu-tools-for-stm32.13.3.rel1.win32_1.0.0.202411081344/tools/bin/../lib/gcc/arm-none-eabi/13.3.1/../../../../arm-none-eabi/bin/ld.exe: ./Src/syscalls.o: in function `_link':
C:/ST/stm assignment1/runningled.c/Debug/../Src/syscalls.c:140: multiple definition of `_link'; ./Inc/syscalls.o:C:/ST/stm assignment1/runningled.c/Debug/../Inc/syscalls.c:140: first defined here
C:/ST/STM32CubeIDE_1.19.0/STM32CubeIDE/plugins/com.st.stm32cube.ide.mcu.externaltools.gnu-tools-for-stm32.13.3.rel1.win32_1.0.0.202411081344/tools/bin/../lib/gcc/arm-none-eabi/13.3.1/../../../../arm-none-eabi/bin/ld.exe: ./Src/syscalls.o: in function `_fork':
C:/ST/stm assignment1/runningled.c/Debug/../Src/syscalls.c:146: multiple definition of `_fork'; ./Inc/syscalls.o:C:/ST/stm assignment1/runningled.c/Debug/../Inc/syscalls.c:146: first defined here
C:/ST/STM32CubeIDE_1.19.0/STM32CubeIDE/plugins/com.st.stm32cube.ide.mcu.externaltools.gnu-tools-for-stm32.13.3.rel1.win32_1.0.0.202411081344/tools/bin/../lib/gcc/arm-none-eabi/13.3.1/../../../../arm-none-eabi/bin/ld.exe: ./Src/syscalls.o: in function `_execve':
C:/ST/stm assignment1/runningled.c/Debug/../Src/syscalls.c:152: multiple definition of `_execve'; ./Inc/syscalls.o:C:/ST/stm assignment1/runningled.c/Debug/../Inc/syscalls.c:152: first defined here
C:/ST/STM32CubeIDE_1.19.0/STM32CubeIDE/plugins/com.st.stm32cube.ide.mcu.externaltools.gnu-tools-for-stm32.13.3.rel1.win32_1.0.0.202411081344/tools/bin/../lib/gcc/arm-none-eabi/13.3.1/../../../../arm-none-eabi/bin/ld.exe: ./Src/sysmem.o: in function `_sbrk':
C:/ST/stm assignment1/runningled.c/Debug/../Src/sysmem.c:54: multiple definition of `_sbrk'; ./Inc/sysmem.o:C:/ST/stm assignment1/runningled.c/Debug/../Inc/sysmem.c:54: first defined here
C:/ST/STM32CubeIDE_1.19.0/STM32CubeIDE/plugins/com.st.stm32cube.ide.mcu.externaltools.gnu-tools-for-stm32.13.3.rel1.win32_1.0.0.202411081344/tools/bin/../lib/gcc/arm-none-eabi/13.3.1/../../../../arm-none-eabi/bin/ld.exe: ./Src/system_stm32f4xx.o:C:/ST/stm assignment1/runningled.c/Debug/../Src/system_stm32f4xx.c:138: multiple definition of `SystemCoreClock'; ./Inc/system_stm32f4xx.o:C:/ST/stm assignment1/runningled.c/Debug/../Inc/system_stm32f4xx.c:138: first defined here
C:/ST/STM32CubeIDE_1.19.0/STM32CubeIDE/plugins/com.st.stm32cube.ide.mcu.externaltools.gnu-tools-for-stm32.13.3.rel1.win32_1.0.0.202411081344/tools/bin/../lib/gcc/arm-none-eabi/13.3.1/../../../../arm-none-eabi/bin/ld.exe: ./Src/system_stm32f4xx.o:C:/ST/stm assignment1/runningled.c/Debug/../Src/system_stm32f4xx.c:139: multiple definition of `AHBPrescTable'; ./Inc/system_stm32f4xx.o:C:/ST/stm assignment1/runningled.c/Debug/../Inc/system_stm32f4xx.c:139: first defined here
C:/ST/STM32CubeIDE_1.19.0/STM32CubeIDE/plugins/com.st.stm32cube.ide.mcu.externaltools.gnu-tools-for-stm32.13.3.rel1.win32_1.0.0.202411081344/tools/bin/../lib/gcc/arm-none-eabi/13.3.1/../../../../arm-none-eabi/bin/ld.exe: ./Src/system_stm32f4xx.o:C:/ST/stm assignment1/runningled.c/Debug/../Src/system_stm32f4xx.c:140: multiple definition of `APBPrescTable'; ./Inc/system_stm32f4xx.o:C:/ST/stm assignment1/runningled.c/Debug/../Inc/system_stm32f4xx.c:140: first defined here
C:/ST/STM32CubeIDE_1.19.0/STM32CubeIDE/plugins/com.st.stm32cube.ide.mcu.externaltools.gnu-tools-for-stm32.13.3.rel1.win32_1.0.0.202411081344/tools/bin/../lib/gcc/arm-none-eabi/13.3.1/../../../../arm-none-eabi/bin/ld.exe: ./Src/system_stm32f4xx.o: in function `SystemInit':
C:/ST/stm assignment1/runningled.c/Debug/../Src/system_stm32f4xx.c:169: multiple definition of `SystemInit'; ./Inc/system_stm32f4xx.o:C:/ST/stm assignment1/runningled.c/Debug/../Inc/system_stm32f4xx.c:169: first defined here
C:/ST/STM32CubeIDE_1.19.0/STM32CubeIDE/plugins/com.st.stm32cube.ide.mcu.externaltools.gnu-tools-for-stm32.13.3.rel1.win32_1.0.0.202411081344/tools/bin/../lib/gcc/arm-none-eabi/13.3.1/../../../../arm-none-eabi/bin/ld.exe: ./Src/system_stm32f4xx.o: in function `DWT_Init':
C:/ST/stm assignment1/runningled.c/Debug/../Src/system_stm32f4xx.c:768: multiple definition of `DWT_Init'; ./Inc/system_stm32f4xx.o:C:/ST/stm assignment1/runningled.c/Debug/../Inc/system_stm32f4xx.c:768: first defined here
C:/ST/STM32CubeIDE_1.19.0/STM32CubeIDE/plugins/com.st.stm32cube.ide.mcu.externaltools.gnu-tools-for-stm32.13.3.rel1.win32_1.0.0.202411081344/tools/bin/../lib/gcc/arm-none-eabi/13.3.1/../../../../arm-none-eabi/bin/ld.exe: ./Src/system_stm32f4xx.o: in function `SystemCoreClockUpdate':
C:/ST/stm assignment1/runningled.c/Debug/../Src/system_stm32f4xx.c:224: multiple definition of `SystemCoreClockUpdate'; ./Inc/system_stm32f4xx.o:C:/ST/stm assignment1/runningled.c/Debug/../Inc/system_stm32f4xx.c:224: first defined here
C:/ST/STM32CubeIDE_1.19.0/STM32CubeIDE/plugins/com.st.stm32cube.ide.mcu.externaltools.gnu-tools-for-stm32.13.3.rel1.win32_1.0.0.202411081344/tools/bin/../lib/gcc/arm-none-eabi/13.3.1/../../../../arm-none-eabi/bin/ld.exe: ./Src/system_stm32f4xx.o: in function `SwDelayMs':
C:/ST/stm assignment1/runningled.c/Debug/../Src/system_stm32f4xx.c:761: multiple definition of `SwDelayMs'; ./Inc/system_stm32f4xx.o:C:/ST/stm assignment1/runningled.c/Debug/../Inc/system_stm32f4xx.c:761: first defined here
collect2.exe: error: ld returned 1 exit status
make: *** [makefile:64: runningled.c.elf] Error 1
"make -j12 all" terminated with exit code 2. Build might be incomplete.

20:04:07 Build Failed. 30 errors, 0 warnings. (took 306ms)

